[06-May-2019 21:58:18 UTC] PHP Warning:  log() expects parameter 1 to be double, array given in /home/ubuntu/workspace/cst336-sp19-final-project/final/matches.php on line 4
[06-May-2019 21:58:18 UTC] PHP Stack trace:
[06-May-2019 21:58:18 UTC] PHP   1. {main}() /home/ubuntu/workspace/cst336-sp19-final-project/final/matches.php:0
[06-May-2019 21:58:18 UTC] PHP   2. log() /home/ubuntu/workspace/cst336-sp19-final-project/final/matches.php:4
[06-May-2019 21:58:20 UTC] PHP Warning:  log() expects parameter 1 to be double, array given in /home/ubuntu/workspace/cst336-sp19-final-project/final/matches.php on line 4
[06-May-2019 21:58:20 UTC] PHP Stack trace:
[06-May-2019 21:58:20 UTC] PHP   1. {main}() /home/ubuntu/workspace/cst336-sp19-final-project/final/matches.php:0
[06-May-2019 21:58:20 UTC] PHP   2. log() /home/ubuntu/workspace/cst336-sp19-final-project/final/matches.php:4
[06-May-2019 21:58:21 UTC] PHP Warning:  log() expects parameter 1 to be double, array given in /home/ubuntu/workspace/cst336-sp19-final-project/final/matches.php on line 4
[06-May-2019 21:58:21 UTC] PHP Stack trace:
[06-May-2019 21:58:21 UTC] PHP   1. {main}() /home/ubuntu/workspace/cst336-sp19-final-project/final/matches.php:0
[06-May-2019 21:58:21 UTC] PHP   2. log() /home/ubuntu/workspace/cst336-sp19-final-project/final/matches.php:4
[06-May-2019 21:58:22 UTC] PHP Warning:  log() expects parameter 1 to be double, array given in /home/ubuntu/workspace/cst336-sp19-final-project/final/matches.php on line 4
[06-May-2019 21:58:22 UTC] PHP Stack trace:
[06-May-2019 21:58:22 UTC] PHP   1. {main}() /home/ubuntu/workspace/cst336-sp19-final-project/final/matches.php:0
[06-May-2019 21:58:22 UTC] PHP   2. log() /home/ubuntu/workspace/cst336-sp19-final-project/final/matches.php:4
[06-May-2019 22:01:17 UTC] PHP Warning:  log() expects parameter 1 to be double, array given in /home/ubuntu/workspace/cst336-sp19-final-project/final/matches.php on line 4
[06-May-2019 22:01:17 UTC] PHP Stack trace:
[06-May-2019 22:01:17 UTC] PHP   1. {main}() /home/ubuntu/workspace/cst336-sp19-final-project/final/matches.php:0
[06-May-2019 22:01:17 UTC] PHP   2. log() /home/ubuntu/workspace/cst336-sp19-final-project/final/matches.php:4
[06-May-2019 22:01:19 UTC] PHP Warning:  log() expects parameter 1 to be double, array given in /home/ubuntu/workspace/cst336-sp19-final-project/final/matches.php on line 4
[06-May-2019 22:01:19 UTC] PHP Stack trace:
[06-May-2019 22:01:19 UTC] PHP   1. {main}() /home/ubuntu/workspace/cst336-sp19-final-project/final/matches.php:0
[06-May-2019 22:01:19 UTC] PHP   2. log() /home/ubuntu/workspace/cst336-sp19-final-project/final/matches.php:4
[06-May-2019 22:18:23 UTC] PHP Warning:  Division by zero in /home/ubuntu/workspace/cst336-sp19-final-project/final/logout.php on line 6
[06-May-2019 22:18:23 UTC] PHP Stack trace:
[06-May-2019 22:18:23 UTC] PHP   1. {main}() /home/ubuntu/workspace/cst336-sp19-final-project/final/logout.php:0
[06-May-2019 22:18:49 UTC] PHP Warning:  Division by zero in /home/ubuntu/workspace/cst336-sp19-final-project/final/logout.php on line 6
[06-May-2019 22:18:49 UTC] PHP Stack trace:
[06-May-2019 22:18:49 UTC] PHP   1. {main}() /home/ubuntu/workspace/cst336-sp19-final-project/final/logout.php:0
[06-May-2019 22:18:51 UTC] PHP Warning:  log() expects parameter 1 to be double, array given in /home/ubuntu/workspace/cst336-sp19-final-project/final/matches.php on line 4
[06-May-2019 22:18:51 UTC] PHP Stack trace:
[06-May-2019 22:18:51 UTC] PHP   1. {main}() /home/ubuntu/workspace/cst336-sp19-final-project/final/matches.php:0
[06-May-2019 22:18:51 UTC] PHP   2. log() /home/ubuntu/workspace/cst336-sp19-final-project/final/matches.php:4
[06-May-2019 22:27:42 UTC] PHP Warning:  Division by zero in /home/ubuntu/workspace/cst336-sp19-final-project/final/logout.php on line 6
[06-May-2019 22:27:42 UTC] PHP Stack trace:
[06-May-2019 22:27:42 UTC] PHP   1. {main}() /home/ubuntu/workspace/cst336-sp19-final-project/final/logout.php:0
[06-May-2019 22:32:39 UTC] PHP Warning:  Division by zero in /home/ubuntu/workspace/cst336-sp19-final-project/final/logout.php on line 6
[06-May-2019 22:32:39 UTC] PHP Stack trace:
[06-May-2019 22:32:39 UTC] PHP   1. {main}() /home/ubuntu/workspace/cst336-sp19-final-project/final/logout.php:0
[07-May-2019 00:54:44 UTC] PHP Warning:  Division by zero in /home/ubuntu/workspace/cst336-sp19-final-project/final/logout.php on line 6
[07-May-2019 00:54:44 UTC] PHP Stack trace:
[07-May-2019 00:54:44 UTC] PHP   1. {main}() /home/ubuntu/workspace/cst336-sp19-final-project/final/logout.php:0
[08-May-2019 06:52:55 UTC] PHP Warning:  Division by zero in /home/ubuntu/workspace/cst336-sp19-final-project/final/logout.php on line 6
[08-May-2019 06:52:55 UTC] PHP Stack trace:
[08-May-2019 06:52:55 UTC] PHP   1. {main}() /home/ubuntu/workspace/cst336-sp19-final-project/final/logout.php:0
[08-May-2019 18:21:12 UTC] PHP Warning:  Division by zero in /home/ubuntu/workspace/cst336-sp19-final-project/final/logout.php on line 6
[08-May-2019 18:21:12 UTC] PHP Stack trace:
[08-May-2019 18:21:12 UTC] PHP   1. {main}() /home/ubuntu/workspace/cst336-sp19-final-project/final/logout.php:0
[08-May-2019 19:40:29 UTC] PHP Warning:  Division by zero in /home/ubuntu/workspace/cst336-sp19-final-project/final/logout.php on line 6
[08-May-2019 19:40:29 UTC] PHP Stack trace:
[08-May-2019 19:40:29 UTC] PHP   1. {main}() /home/ubuntu/workspace/cst336-sp19-final-project/final/logout.php:0
[08-May-2019 20:18:27 UTC] PHP Warning:  Division by zero in /home/ubuntu/workspace/cst336-sp19-final-project/final/logout.php on line 6
[08-May-2019 20:18:27 UTC] PHP Stack trace:
[08-May-2019 20:18:27 UTC] PHP   1. {main}() /home/ubuntu/workspace/cst336-sp19-final-project/final/logout.php:0
[08-May-2019 21:52:59 UTC] PHP Warning:  Division by zero in /home/ubuntu/workspace/cst336-sp19-final-project/final/logout.php on line 6
[08-May-2019 21:52:59 UTC] PHP Stack trace:
[08-May-2019 21:52:59 UTC] PHP   1. {main}() /home/ubuntu/workspace/cst336-sp19-final-project/final/logout.php:0
[08-May-2019 21:59:10 UTC] PHP Warning:  Division by zero in /home/ubuntu/workspace/cst336-sp19-final-project/final/logout.php on line 6
[08-May-2019 21:59:10 UTC] PHP Stack trace:
[08-May-2019 21:59:10 UTC] PHP   1. {main}() /home/ubuntu/workspace/cst336-sp19-final-project/final/logout.php:0
[09-May-2019 08:13:16 UTC] PHP Warning:  Division by zero in /home/ubuntu/workspace/cst336-sp19-final-project/final/logout.php on line 6
[09-May-2019 08:13:16 UTC] PHP Stack trace:
[09-May-2019 08:13:16 UTC] PHP   1. {main}() /home/ubuntu/workspace/cst336-sp19-final-project/final/logout.php:0
[09-May-2019 08:27:39 UTC] PHP Warning:  Division by zero in /home/ubuntu/workspace/cst336-sp19-final-project/final/logout.php on line 6
[09-May-2019 08:27:39 UTC] PHP Stack trace:
[09-May-2019 08:27:39 UTC] PHP   1. {main}() /home/ubuntu/workspace/cst336-sp19-final-project/final/logout.php:0
[09-May-2019 08:52:47 UTC] PHP Warning:  Division by zero in /home/ubuntu/workspace/cst336-sp19-final-project/final/logout.php on line 6
[09-May-2019 08:52:47 UTC] PHP Stack trace:
[09-May-2019 08:52:47 UTC] PHP   1. {main}() /home/ubuntu/workspace/cst336-sp19-final-project/final/logout.php:0
[10-May-2019 01:27:22 UTC] PHP Warning:  Division by zero in /home/ubuntu/workspace/cst336-sp19-final-project/final/logout.php on line 6
[10-May-2019 01:27:22 UTC] PHP Stack trace:
[10-May-2019 01:27:22 UTC] PHP   1. {main}() /home/ubuntu/workspace/cst336-sp19-final-project/final/logout.php:0
[10-May-2019 17:57:21 UTC] PHP Warning:  Division by zero in /home/ubuntu/workspace/cst336-sp19-final-project/final/logout.php on line 6
[10-May-2019 17:57:21 UTC] PHP Stack trace:
[10-May-2019 17:57:21 UTC] PHP   1. {main}() /home/ubuntu/workspace/cst336-sp19-final-project/final/logout.php:0
[10-May-2019 18:43:12 UTC] PHP Warning:  Division by zero in /home/ubuntu/workspace/cst336-sp19-final-project/final/logout.php on line 6
[10-May-2019 18:43:12 UTC] PHP Stack trace:
[10-May-2019 18:43:12 UTC] PHP   1. {main}() /home/ubuntu/workspace/cst336-sp19-final-project/final/logout.php:0
[10-May-2019 18:44:55 UTC] PHP Warning:  require_once(dbConnection.php): failed to open stream: No such file or directory in /home/ubuntu/workspace/cst336-sp19-final-project/final/signUp.php on line 3
[10-May-2019 18:44:55 UTC] PHP Stack trace:
[10-May-2019 18:44:55 UTC] PHP   1. {main}() /home/ubuntu/workspace/cst336-sp19-final-project/final/signUp.php:0
[10-May-2019 18:44:55 UTC] PHP Fatal error:  require_once(): Failed opening required 'dbConnection.php' (include_path='.:/usr/share/php:/usr/share/pear') in /home/ubuntu/workspace/cst336-sp19-final-project/final/signUp.php on line 3
[10-May-2019 18:44:55 UTC] PHP Stack trace:
[10-May-2019 18:44:55 UTC] PHP   1. {main}() /home/ubuntu/workspace/cst336-sp19-final-project/final/signUp.php:0
[10-May-2019 18:48:20 UTC] PHP Warning:  require_once(dbConnection.php): failed to open stream: No such file or directory in /home/ubuntu/workspace/cst336-sp19-final-project/final/signUp.php on line 3
[10-May-2019 18:48:20 UTC] PHP Stack trace:
[10-May-2019 18:48:20 UTC] PHP   1. {main}() /home/ubuntu/workspace/cst336-sp19-final-project/final/signUp.php:0
[10-May-2019 18:48:20 UTC] PHP Fatal error:  require_once(): Failed opening required 'dbConnection.php' (include_path='.:/usr/share/php:/usr/share/pear') in /home/ubuntu/workspace/cst336-sp19-final-project/final/signUp.php on line 3
[10-May-2019 18:48:20 UTC] PHP Stack trace:
[10-May-2019 18:48:20 UTC] PHP   1. {main}() /home/ubuntu/workspace/cst336-sp19-final-project/final/signUp.php:0
[10-May-2019 18:49:44 UTC] PHP Warning:  require_once(dbConnection.php): failed to open stream: No such file or directory in /home/ubuntu/workspace/cst336-sp19-final-project/final/signUp.php on line 3
[10-May-2019 18:49:44 UTC] PHP Stack trace:
[10-May-2019 18:49:44 UTC] PHP   1. {main}() /home/ubuntu/workspace/cst336-sp19-final-project/final/signUp.php:0
[10-May-2019 18:49:44 UTC] PHP Fatal error:  require_once(): Failed opening required 'dbConnection.php' (include_path='.:/usr/share/php:/usr/share/pear') in /home/ubuntu/workspace/cst336-sp19-final-project/final/signUp.php on line 3
[10-May-2019 18:49:44 UTC] PHP Stack trace:
[10-May-2019 18:49:44 UTC] PHP   1. {main}() /home/ubuntu/workspace/cst336-sp19-final-project/final/signUp.php:0
[10-May-2019 18:51:37 UTC] PHP Warning:  require_once(dbConnection.php): failed to open stream: No such file or directory in /home/ubuntu/workspace/cst336-sp19-final-project/final/signUp.php on line 3
[10-May-2019 18:51:37 UTC] PHP Stack trace:
[10-May-2019 18:51:37 UTC] PHP   1. {main}() /home/ubuntu/workspace/cst336-sp19-final-project/final/signUp.php:0
[10-May-2019 18:51:37 UTC] PHP Fatal error:  require_once(): Failed opening required 'dbConnection.php' (include_path='.:/usr/share/php:/usr/share/pear') in /home/ubuntu/workspace/cst336-sp19-final-project/final/signUp.php on line 3
[10-May-2019 18:51:37 UTC] PHP Stack trace:
[10-May-2019 18:51:37 UTC] PHP   1. {main}() /home/ubuntu/workspace/cst336-sp19-final-project/final/signUp.php:0
[10-May-2019 18:52:42 UTC] PHP Warning:  require_once(dbConnection.php): failed to open stream: No such file or directory in /home/ubuntu/workspace/cst336-sp19-final-project/final/signUp.php on line 3
[10-May-2019 18:52:42 UTC] PHP Stack trace:
[10-May-2019 18:52:42 UTC] PHP   1. {main}() /home/ubuntu/workspace/cst336-sp19-final-project/final/signUp.php:0
[10-May-2019 18:52:42 UTC] PHP Fatal error:  require_once(): Failed opening required 'dbConnection.php' (include_path='.:/usr/share/php:/usr/share/pear') in /home/ubuntu/workspace/cst336-sp19-final-project/final/signUp.php on line 3
[10-May-2019 18:52:42 UTC] PHP Stack trace:
[10-May-2019 18:52:42 UTC] PHP   1. {main}() /home/ubuntu/workspace/cst336-sp19-final-project/final/signUp.php:0
[10-May-2019 18:53:21 UTC] PHP Fatal error:  Call to undefined function get_database_connection() in /home/ubuntu/workspace/cst336-sp19-final-project/final/signUp.php on line 62
[10-May-2019 18:53:21 UTC] PHP Stack trace:
[10-May-2019 18:53:21 UTC] PHP   1. {main}() /home/ubuntu/workspace/cst336-sp19-final-project/final/signUp.php:0
[10-May-2019 18:57:54 UTC] PHP Warning:  Division by zero in /home/ubuntu/workspace/cst336-sp19-final-project/final/logout.php on line 6
[10-May-2019 18:57:54 UTC] PHP Stack trace:
[10-May-2019 18:57:54 UTC] PHP   1. {main}() /home/ubuntu/workspace/cst336-sp19-final-project/final/logout.php:0
[10-May-2019 18:59:10 UTC] PHP Fatal error:  Uncaught exception 'PDOException' with message 'SQLSTATE[HY000] [1045] Access denied for user ''@'localhost' (using password: NO)' in /home/ubuntu/workspace/cst336-sp19-final-project/final/api/dbConnection.php:20
Stack trace:
#0 /home/ubuntu/workspace/cst336-sp19-final-project/final/api/dbConnection.php(20): PDO->__construct('mysql:host=loca...', NULL, NULL, Array)
#1 /home/ubuntu/workspace/cst336-sp19-final-project/final/signUp.php(62): getDatabaseConnection()
#2 {main}
  thrown in /home/ubuntu/workspace/cst336-sp19-final-project/final/api/dbConnection.php on line 20
[10-May-2019 19:31:31 UTC] PHP Warning:  log() expects parameter 1 to be double, string given in /home/ubuntu/workspace/cst336-sp19-final-project/final/login.php on line 44
[10-May-2019 19:31:31 UTC] PHP Stack trace:
[10-May-2019 19:31:31 UTC] PHP   1. {main}() /home/ubuntu/workspace/cst336-sp19-final-project/final/login.php:0
[10-May-2019 19:31:31 UTC] PHP   2. log() /home/ubuntu/workspace/cst336-sp19-final-project/final/login.php:44
[10-May-2019 19:32:05 UTC] PHP Warning:  log() expects parameter 1 to be double, string given in /home/ubuntu/workspace/cst336-sp19-final-project/final/login.php on line 44
[10-May-2019 19:32:05 UTC] PHP Stack trace:
[10-May-2019 19:32:05 UTC] PHP   1. {main}() /home/ubuntu/workspace/cst336-sp19-final-project/final/login.php:0
[10-May-2019 19:32:05 UTC] PHP   2. log() /home/ubuntu/workspace/cst336-sp19-final-project/final/login.php:44
[10-May-2019 19:39:29 UTC] PHP Warning:  Division by zero in /home/ubuntu/workspace/cst336-sp19-final-project/final/logout.php on line 6
[10-May-2019 19:39:29 UTC] PHP Stack trace:
[10-May-2019 19:39:29 UTC] PHP   1. {main}() /home/ubuntu/workspace/cst336-sp19-final-project/final/logout.php:0
[10-May-2019 19:52:05 UTC] PHP Warning:  Division by zero in /home/ubuntu/workspace/cst336-sp19-final-project/final/logout.php on line 6
[10-May-2019 19:52:05 UTC] PHP Stack trace:
[10-May-2019 19:52:05 UTC] PHP   1. {main}() /home/ubuntu/workspace/cst336-sp19-final-project/final/logout.php:0
[11-May-2019 02:23:19 UTC] PHP Warning:  Division by zero in /home/ubuntu/workspace/cst336-sp19-final-project/final/logout.php on line 6
[11-May-2019 02:23:19 UTC] PHP Stack trace:
[11-May-2019 02:23:19 UTC] PHP   1. {main}() /home/ubuntu/workspace/cst336-sp19-final-project/final/logout.php:0
