[10-May-2019 01:24:24 UTC] PHP Fatal error:  Uncaught exception 'PDOException' with message 'SQLSTATE[HY000] [1045] Access denied for user ''@'localhost' (using password: NO)' in /home/ubuntu/workspace/cst336-sp19-final-project/final/api/dbConnection.php:24
Stack trace:
#0 /home/ubuntu/workspace/cst336-sp19-final-project/final/api/dbConnection.php(24): PDO->__construct('mysql:host=loca...', NULL, NULL, Array)
#1 /home/ubuntu/workspace/cst336-sp19-final-project/final/api/emailCheck.php(6): getDatabaseConnection('final')
#2 {main}
  thrown in /home/ubuntu/workspace/cst336-sp19-final-project/final/api/dbConnection.php on line 24
[10-May-2019 01:24:26 UTC] PHP Fatal error:  Uncaught exception 'PDOException' with message 'SQLSTATE[HY000] [1045] Access denied for user ''@'localhost' (using password: NO)' in /home/ubuntu/workspace/cst336-sp19-final-project/final/api/dbConnection.php:24
Stack trace:
#0 /home/ubuntu/workspace/cst336-sp19-final-project/final/api/dbConnection.php(24): PDO->__construct('mysql:host=loca...', NULL, NULL, Array)
#1 /home/ubuntu/workspace/cst336-sp19-final-project/final/api/emailCheck.php(6): getDatabaseConnection('final')
#2 {main}
  thrown in /home/ubuntu/workspace/cst336-sp19-final-project/final/api/dbConnection.php on line 24
[10-May-2019 01:24:26 UTC] PHP Fatal error:  Uncaught exception 'PDOException' with message 'SQLSTATE[HY000] [1045] Access denied for user ''@'localhost' (using password: NO)' in /home/ubuntu/workspace/cst336-sp19-final-project/final/api/dbConnection.php:24
Stack trace:
#0 /home/ubuntu/workspace/cst336-sp19-final-project/final/api/dbConnection.php(24): PDO->__construct('mysql:host=loca...', NULL, NULL, Array)
#1 /home/ubuntu/workspace/cst336-sp19-final-project/final/api/emailCheck.php(6): getDatabaseConnection('final')
#2 {main}
  thrown in /home/ubuntu/workspace/cst336-sp19-final-project/final/api/dbConnection.php on line 24
[10-May-2019 01:25:06 UTC] PHP Fatal error:  Uncaught exception 'PDOException' with message 'SQLSTATE[HY000] [1045] Access denied for user ''@'localhost' (using password: NO)' in /home/ubuntu/workspace/cst336-sp19-final-project/final/api/dbConnection.php:24
Stack trace:
#0 /home/ubuntu/workspace/cst336-sp19-final-project/final/api/dbConnection.php(24): PDO->__construct('mysql:host=loca...', NULL, NULL, Array)
#1 /home/ubuntu/workspace/cst336-sp19-final-project/final/api/emailCheck.php(6): getDatabaseConnection('final')
#2 {main}
  thrown in /home/ubuntu/workspace/cst336-sp19-final-project/final/api/dbConnection.php on line 24
[10-May-2019 01:25:07 UTC] PHP Fatal error:  Uncaught exception 'PDOException' with message 'SQLSTATE[HY000] [1045] Access denied for user ''@'localhost' (using password: NO)' in /home/ubuntu/workspace/cst336-sp19-final-project/final/api/dbConnection.php:24
Stack trace:
#0 /home/ubuntu/workspace/cst336-sp19-final-project/final/api/dbConnection.php(24): PDO->__construct('mysql:host=loca...', NULL, NULL, Array)
#1 /home/ubuntu/workspace/cst336-sp19-final-project/final/api/emailCheck.php(6): getDatabaseConnection('final')
#2 {main}
  thrown in /home/ubuntu/workspace/cst336-sp19-final-project/final/api/dbConnection.php on line 24
[10-May-2019 01:26:28 UTC] PHP Fatal error:  Uncaught exception 'PDOException' with message 'SQLSTATE[HY000] [1045] Access denied for user ''@'localhost' (using password: NO)' in /home/ubuntu/workspace/cst336-sp19-final-project/final/api/dbConnection.php:21
Stack trace:
#0 /home/ubuntu/workspace/cst336-sp19-final-project/final/api/dbConnection.php(21): PDO->__construct('mysql:host=loca...', NULL, NULL, Array)
#1 /home/ubuntu/workspace/cst336-sp19-final-project/final/api/emailCheck.php(6): getDatabaseConnection('final')
#2 {main}
  thrown in /home/ubuntu/workspace/cst336-sp19-final-project/final/api/dbConnection.php on line 21
[10-May-2019 01:27:38 UTC] PHP Fatal error:  Uncaught exception 'PDOException' with message 'SQLSTATE[HY000] [1045] Access denied for user ''@'localhost' (using password: NO)' in /home/ubuntu/workspace/cst336-sp19-final-project/final/api/dbConnection.php:21
Stack trace:
#0 /home/ubuntu/workspace/cst336-sp19-final-project/final/api/dbConnection.php(21): PDO->__construct('mysql:host=loca...', NULL, NULL, Array)
#1 /home/ubuntu/workspace/cst336-sp19-final-project/final/api/emailCheck.php(6): getDatabaseConnection('final')
#2 {main}
  thrown in /home/ubuntu/workspace/cst336-sp19-final-project/final/api/dbConnection.php on line 21
[10-May-2019 01:30:15 UTC] PHP Fatal error:  Uncaught exception 'PDOException' with message 'SQLSTATE[HY000] [1045] Access denied for user ''@'localhost' (using password: NO)' in /home/ubuntu/workspace/cst336-sp19-final-project/final/api/dbConnection.php:21
Stack trace:
#0 /home/ubuntu/workspace/cst336-sp19-final-project/final/api/dbConnection.php(21): PDO->__construct('mysql:host=loca...', NULL, NULL, Array)
#1 /home/ubuntu/workspace/cst336-sp19-final-project/final/api/emailCheck.php(6): getDatabaseConnection('final')
#2 {main}
  thrown in /home/ubuntu/workspace/cst336-sp19-final-project/final/api/dbConnection.php on line 21
